<?xml version="1.0" encoding="UTF-8"?>
<testng-results skipped="0" failed="0" total="1" passed="1">
  <reporter-output>
  </reporter-output>
  <suite name="Surefire suite" duration-ms="73" started-at="2019-01-07T06:11:07Z" finished-at="2019-01-07T06:11:07Z">
    <groups>
    </groups>
    <test name="Surefire test" duration-ms="73" started-at="2019-01-07T06:11:07Z" finished-at="2019-01-07T06:11:07Z">
      <class name="CucumberFramework.AppTest">
        <test-method status="PASS" signature="shouldAnswerWithTrue()[pri:0, instance:shouldAnswerWithTrue(CucumberFramework.AppTest)]" name="shouldAnswerWithTrue" duration-ms="2" started-at="2019-01-07T11:41:07Z" finished-at="2019-01-07T11:41:07Z">
          <reporter-output>
          </reporter-output>
        </test-method> <!-- shouldAnswerWithTrue -->
      </class> <!-- CucumberFramework.AppTest -->
    </test> <!-- Surefire test -->
  </suite> <!-- Surefire suite -->
</testng-results>
