<?xml version="1.0" encoding="UTF-8"?>
<!-- Generated by org.testng.reporters.JUnitXMLReporter -->
<testsuite hostname="INLN50940634A" ignored="6" name="data provider" tests="3" failures="0" timestamp="03 Jan 2019 03:47:04 GMT" time="0.06" errors="0">
  <testcase name="methodUsingDataFromProvider" time="0.005" classname="TestNG.LE.OutboundDeliveries"/>
  <testcase name="methodUsingDataFromProvider" time="0.008" classname="TestNG.LE.OutboundDeliveries"/>
  <testcase name="methodUsingDataFromProvider" time="0.003" classname="TestNG.LE.OutboundDeliveries"/>
  <testcase name="postGoodsIssueDelivery" time="0.0" classname="TestNG.LE.OutboundDeliveries">
    <ignored/>
  </testcase> <!-- postGoodsIssueDelivery -->
  <testcase name="createDelivery" time="0.0" classname="TestNG.LE.OutboundDeliveries">
    <ignored/>
  </testcase> <!-- createDelivery -->
  <testcase name="someFITestsThatDependonGroupLogistics" time="0.0" classname="TestNG.LE.OutboundDeliveries">
    <ignored/>
  </testcase> <!-- someFITestsThatDependonGroupLogistics -->
  <testcase name="displayDelivery" time="0.0" classname="TestNG.LE.OutboundDeliveries">
    <ignored/>
  </testcase> <!-- displayDelivery -->
  <testcase name="billForDelivery" time="0.0" classname="TestNG.LE.OutboundDeliveries">
    <ignored/>
  </testcase> <!-- billForDelivery -->
  <testcase name="changeDelivery" time="0.0" classname="TestNG.LE.OutboundDeliveries">
    <ignored/>
  </testcase> <!-- changeDelivery -->
</testsuite> <!-- data provider -->
