<?xml version="1.0" encoding="UTF-8"?>
<!-- Generated by org.testng.reporters.JUnitXMLReporter -->
<testsuite hostname="INLN50940634A" name="Exclude 1st Test" tests="4" failures="0" timestamp="27 Dec 2018 14:05:48 GMT" time="0.015" errors="0">
  <testcase name="Echo1" time="0.003" classname="TestNG.LE.LE_V1"/>
  <testcase name="EchoHello" time="0.002" classname="TestNG.LE.LE_V1"/>
  <testcase name="Print2" time="0.001" classname="TestNG.LE.LE_V1"/>
  <testcase name="Print3" time="0.002" classname="TestNG.LE.LE_V1"/>
</testsuite> <!-- Exclude 1st Test -->
