<?xml version="1.0" encoding="UTF-8"?>
<!-- Generated by org.testng.reporters.JUnitXMLReporter -->
<testsuite hostname="INLN50940634A" ignored="7" name="Exclude Pattern" tests="1" failures="0" timestamp="28 Dec 2018 14:48:40 GMT" time="0.055" errors="0">
  <testcase name="Print1" time="0.015" classname="TestNG.LE.LE_V1"/>
  <testcase name="EchoHello" time="0.0" classname="TestNG.MM.MM_V1">
    <ignored/>
  </testcase> <!-- EchoHello -->
  <testcase name="Echo1" time="0.0" classname="TestNG.MM.MM_V1">
    <ignored/>
  </testcase> <!-- Echo1 -->
  <testcase name="EchoHello" time="0.0" classname="TestNG.LE.LE_V1">
    <ignored/>
  </testcase> <!-- EchoHello -->
  <testcase name="Echo1" time="0.0" classname="TestNG.LE.LE_V1">
    <ignored/>
  </testcase> <!-- Echo1 -->
  <testcase name="Print3" time="0.0" classname="TestNG.LE.LE_V1">
    <ignored/>
  </testcase> <!-- Print3 -->
  <testcase name="Print2" time="0.0" classname="TestNG.LE.LE_V1">
    <ignored/>
  </testcase> <!-- Print2 -->
  <testcase name="Print1" time="0.0" classname="TestNG.MM.MM_V1">
    <ignored/>
  </testcase> <!-- Print1 -->
</testsuite> <!-- Exclude Pattern -->
