<?xml version="1.0" encoding="UTF-8"?>
<!-- Generated by org.testng.reporters.JUnitXMLReporter -->
<testsuite hostname="INLN50940634A" ignored="7" name="LE Tests" tests="5" failures="1" timestamp="03 Jan 2019 03:47:04 GMT" time="0.091" errors="0">
  <testcase name="createDelivery" time="0.007" classname="TestNG.LE.OutboundDeliveries"/>
  <testcase name="changeDelivery" time="0.002" classname="TestNG.LE.OutboundDeliveries"/>
  <testcase name="displayDelivery" time="0.002" classname="TestNG.LE.OutboundDeliveries"/>
  <testcase name="postGoodsIssueDelivery" time="0.001" classname="TestNG.LE.OutboundDeliveries">
    <failure type="java.lang.ArithmeticException" message="/ by zero">
      <![CDATA[java.lang.ArithmeticException: / by zero
at TestNG.LE.OutboundDeliveries.postGoodsIssueDelivery(OutboundDeliveries.java:37)
at java.util.concurrent.FutureTask.run(Unknown Source)
at java.util.concurrent.ThreadPoolExecutor.runWorker(Unknown Source)
at java.util.concurrent.ThreadPoolExecutor$Worker.run(Unknown Source)
at java.lang.Thread.run(Unknown Source)
... Removed 16 stack frames]]>
    </failure>
  </testcase> <!-- postGoodsIssueDelivery -->
  <testcase name="billForDelivery" time="0.0" classname="TestNG.LE.OutboundDeliveries">
    <skipped/>
  </testcase> <!-- billForDelivery -->
  <testcase name="EchoHello" time="0.0" classname="TestNG.LE.LE_V1">
    <ignored/>
  </testcase> <!-- EchoHello -->
  <testcase name="someFITestsThatDependonGroupLogistics" time="0.0" classname="TestNG.LE.OutboundDeliveries">
    <ignored/>
  </testcase> <!-- someFITestsThatDependonGroupLogistics -->
  <testcase name="Echo1" time="0.0" classname="TestNG.LE.LE_V1">
    <ignored/>
  </testcase> <!-- Echo1 -->
  <testcase name="Print3" time="0.0" classname="TestNG.LE.LE_V1">
    <ignored/>
  </testcase> <!-- Print3 -->
  <testcase name="methodUsingDataFromProvider" time="0.0" classname="TestNG.LE.OutboundDeliveries">
    <ignored/>
  </testcase> <!-- methodUsingDataFromProvider -->
  <testcase name="Print2" time="0.0" classname="TestNG.LE.LE_V1">
    <ignored/>
  </testcase> <!-- Print2 -->
  <testcase name="Print1" time="0.0" classname="TestNG.LE.LE_V1">
    <ignored/>
  </testcase> <!-- Print1 -->
</testsuite> <!-- LE Tests -->
