<?xml version="1.0" encoding="UTF-8"?>
<!-- Generated by org.testng.reporters.JUnitXMLReporter -->
<testsuite hostname="INLN50940634A" ignored="0" name="Test" tests="5" failures="0" timestamp="11 Jan 2019 05:59:26 GMT" time="0.092" errors="0">
  <testcase name="class1_01_Test" time="0.011" classname="TestNG.Maven.Class1"/>
  <testcase name="class1_02_Test" time="0.002" classname="TestNG.Maven.Class1"/>
  <testcase name="class2_01_Test" time="0.011" classname="TestNG.Maven.Class2"/>
  <testcase name="class3_01_Test" time="0.006" classname="TestNG.Maven.Class3"/>
  <testcase name="class3_02_Test" time="0.002" classname="TestNG.Maven.Class3"/>
</testsuite> <!-- Test -->
