<?xml version="1.0" encoding="UTF-8"?>
<testsuite xmlns:xsi="http://www.w3.org/2001/XMLSchema-instance" xsi:noNamespaceSchemaLocation="https://maven.apache.org/surefire/maven-surefire-plugin/xsd/surefire-test-report-3.0.xsd" version="3.0" name="TestNG.Maven.Class1" time="0.73" tests="2" errors="0" skipped="1" failures="0">
  <properties>
[...]
</properties>
  <testcase name="class1_01_Test" classname="TestNG.Maven.Class1" time="0">
    <skipped message="&#10;Parameter &apos;username&apos; is required by @Test on method class1_01_Test but has not been marked @Optional or defined&#10;"/>
  </testcase>
  <testcase name="class1_02_Test" classname="TestNG.Maven.Class1" time="0.009"/>
</testsuite>