<?xml version="1.0" encoding="UTF-8"?>
<!-- Generated by org.testng.reporters.JUnitXMLReporter -->
<testsuite hostname="INLN50940634A" name="data provider" tests="3" failures="0" timestamp="7 Jan 2019 04:00:05 GMT" time="0.004" errors="0">
  <testcase name="methodUsingDataFromProvider" time="0.0" classname="TestNG.LE.OutboundDeliveries"/>
  <testcase name="methodUsingDataFromProvider" time="0.001" classname="TestNG.LE.OutboundDeliveries"/>
  <testcase name="methodUsingDataFromProvider" time="0.0" classname="TestNG.LE.OutboundDeliveries"/>
</testsuite> <!-- data provider -->
