<?xml version="1.0" encoding="UTF-8"?>
<!-- Generated by org.testng.reporters.JUnitXMLReporter -->
<testsuite hostname="INLN50940634A" name="LE Tests" tests="5" failures="0" timestamp="7 Jan 2019 04:00:05 GMT" time="0.013" errors="0">
  <testcase name="createDelivery" time="0.001" classname="TestNG.LE.OutboundDeliveries"/>
  <testcase name="changeDelivery" time="0.001" classname="TestNG.LE.OutboundDeliveries"/>
  <testcase name="displayDelivery" time="0.001" classname="TestNG.LE.OutboundDeliveries"/>
  <testcase name="postGoodsIssueDelivery" time="0.0" classname="TestNG.LE.OutboundDeliveries"/>
  <testcase name="billForDelivery" time="0.0" classname="TestNG.LE.OutboundDeliveries"/>
</testsuite> <!-- LE Tests -->
